116 INFO: PyInstaller: 6.21.0, contrib hooks: 2026.6
116 INFO: Python: 3.12.10
155 INFO: Platform: Windows-11-10.0.26200-SP0
155 INFO: Python environment: C:\Users\ruzha\AppData\Local\Programs\Python\Python312
1033 WARNING: Failed to collect submodules for 'sklearn.externals.array_api_compat.torch' because importing 'sklearn.externals.array_api_compat.torch' raised: ModuleNotFoundError: No module named 'torch'
103 WARNING: Failed to collect submodules for 'webview.platforms.android' because importing 'webview.platforms.android' raised: ModuleNotFoundError: No module named 'android'
876 WARNING: Failed to collect submodules for 'xgboost.spark' because importing 'xgboost.spark' raised: ImportError: pyspark package needs to be installed to use this module
9268 INFO: Module search paths (PYTHONPATH):
['C:\\Users\\ruzha\\AppData\\Local\\Programs\\Python\\Python312\\Scripts\\pyinstaller.exe',
 'C:\\Users\\ruzha\\AppData\\Local\\Programs\\Python\\Python312\\python312.zip',
 'C:\\Users\\ruzha\\AppData\\Local\\Programs\\Python\\Python312\\DLLs',
 'C:\\Users\\ruzha\\AppData\\Local\\Programs\\Python\\Python312\\Lib',
 'C:\\Users\\ruzha\\AppData\\Local\\Programs\\Python\\Python312',
 'C:\\Users\\ruzha\\AppData\\Local\\Programs\\Python\\Python312\\Lib\\site-packages',
 'X:\\ADNS',
 'X:\\ADNS\\api',
 'X:\\ADNS\\ml']
9617 INFO: Appending 'binaries' from .spec
9618 INFO: Appending 'datas' from .spec
9670 INFO: checking Analysis
9722 INFO: Building because excludes changed
9722 INFO: Looking for Python shared library...
9722 INFO: Using Python shared library: C:\Users\ruzha\AppData\Local\Programs\Python\Python312\python312.dll
9722 INFO: Running Analysis Analysis-00.toc
9722 INFO: Target bytecode optimization level: 0
9722 INFO: Initializing module dependency graph...
9723 INFO: Initializing module graph hook caches...
9734 INFO: Analyzing modules for base_library.zip ...
10624 INFO: Processing standard module hook 'hook-encodings.py' from 'C:\\Users\\ruzha\\AppData\\Local\\Programs\\Python\\Python312\\Lib\\site-packages\\PyInstaller\\hooks'
10929 INFO: Processing standard module hook 'hook-math.py' from 'C:\\Users\\ruzha\\AppData\\Local\\Programs\\Python\\Python312\\Lib\\site-packages\\PyInstaller\\hooks'
11048 INFO: Processing standard module hook 'hook-heapq.py' from 'C:\\Users\\ruzha\\AppData\\Local\\Programs\\Python\\Python312\\Lib\\site-packages\\PyInstaller\\hooks'
11630 INFO: Processing standard module hook 'hook-pickle.py' from 'C:\\Users\\ruzha\\AppData\\Local\\Programs\\Python\\Python312\\Lib\\site-packages\\PyInstaller\\hooks'
12412 INFO: Caching module dependency graph...
12452 INFO: Analyzing X:\ADNS\launcher.py
12468 INFO: Processing standard module hook 'hook-_ctypes.py' from 'C:\\Users\\ruzha\\AppData\\Local\\Programs\\Python\\Python312\\Lib\\site-packages\\PyInstaller\\hooks'
12983 INFO: Processing pre-safe-import-module hook 'hook-typing_extensions.py' from 'C:\\Users\\ruzha\\AppData\\Local\\Programs\\Python\\Python312\\Lib\\site-packages\\PyInstaller\\hooks\\pre_safe_import_module'
12984 INFO: SetuptoolsInfo: initializing cached setuptools info...
13532 INFO: Processing standard module hook 'hook-multiprocessing.util.py' from 'C:\\Users\\ruzha\\AppData\\Local\\Programs\\Python\\Python312\\Lib\\site-packages\\PyInstaller\\hooks'
13586 INFO: Processing standard module hook 'hook-xml.py' from 'C:\\Users\\ruzha\\AppData\\Local\\Programs\\Python\\Python312\\Lib\\site-packages\\PyInstaller\\hooks'
14156 INFO: Processing standard module hook 'hook-platform.py' from 'C:\\Users\\ruzha\\AppData\\Local\\Programs\\Python\\Python312\\Lib\\site-packages\\PyInstaller\\hooks'
14247 INFO: Processing standard module hook 'hook-sysconfig.py' from 'C:\\Users\\ruzha\\AppData\\Local\\Programs\\Python\\Python312\\Lib\\site-packages\\PyInstaller\\hooks'
14279 INFO: Processing standard module hook 'hook-webbrowser.py' from 'C:\\Users\\ruzha\\AppData\\Local\\Programs\\Python\\Python312\\Lib\\site-packages\\PyInstaller\\hooks'
14527 INFO: Processing standard module hook 'hook-difflib.py' from 'C:\\Users\\ruzha\\AppData\\Local\\Programs\\Python\\Python312\\Lib\\site-packages\\PyInstaller\\hooks'
14682 INFO: Processing standard module hook 'hook-jinja2.py' from 'C:\\Users\\ruzha\\AppData\\Local\\Programs\\Python\\Python312\\Lib\\site-packages\\_pyinstaller_hooks_contrib\\stdhooks'
15041 INFO: Processing pre-safe-import-module hook 'hook-importlib_metadata.py' from 'C:\\Users\\ruzha\\AppData\\Local\\Programs\\Python\\Python312\\Lib\\site-packages\\PyInstaller\\hooks\\pre_safe_import_module'
15057 INFO: Processing standard module hook 'hook-importlib_metadata.py' from 'C:\\Users\\ruzha\\AppData\\Local\\Programs\\Python\\Python312\\Lib\\site-packages\\PyInstaller\\hooks'
15059 INFO: Processing pre-safe-import-module hook 'hook-zipp.py' from 'C:\\Users\\ruzha\\AppData\\Local\\Programs\\Python\\Python312\\Lib\\site-packages\\PyInstaller\\hooks\\pre_safe_import_module'
15134 INFO: Processing standard module hook 'hook-sqlalchemy.py' from 'C:\\Users\\ruzha\\AppData\\Local\\Programs\\Python\\Python312\\Lib\\site-packages\\PyInstaller\\hooks'
17502 INFO: Processing standard module hook 'hook-numpy.py' from 'C:\\Users\\ruzha\\AppData\\Local\\Programs\\Python\\Python312\\Lib\\site-packages\\PyInstaller\\hooks'
18116 INFO: Processing standard module hook 'hook-psutil.py' from 'C:\\Users\\ruzha\\AppData\\Local\\Programs\\Python\\Python312\\Lib\\site-packages\\_pyinstaller_hooks_contrib\\stdhooks'
19159 INFO: Processing standard module hook 'hook-pandas.py' from 'C:\\Users\\ruzha\\AppData\\Local\\Programs\\Python\\Python312\\Lib\\site-packages\\PyInstaller\\hooks'
20258 INFO: Processing standard module hook 'hook-zoneinfo.py' from 'C:\\Users\\ruzha\\AppData\\Local\\Programs\\Python\\Python312\\Lib\\site-packages\\_pyinstaller_hooks_contrib\\stdhooks'
20367 INFO: Processing standard module hook 'hook-scipy.py' from 'C:\\Users\\ruzha\\AppData\\Local\\Programs\\Python\\Python312\\Lib\\site-packages\\PyInstaller\\hooks'
20401 INFO: Processing standard module hook 'hook-pytest.py' from 'C:\\Users\\ruzha\\AppData\\Local\\Programs\\Python\\Python312\\Lib\\site-packages\\_pyinstaller_hooks_contrib\\stdhooks'
20529 INFO: Processing standard module hook 'hook-pygments.py' from 'C:\\Users\\ruzha\\AppData\\Local\\Programs\\Python\\Python312\\Lib\\site-packages\\PyInstaller\\hooks'
21474 INFO: Processing standard module hook 'hook-py.py' from 'C:\\Users\\ruzha\\AppData\\Local\\Programs\\Python\\Python312\\Lib\\site-packages\\_pyinstaller_hooks_contrib\\stdhooks'
21633 INFO: Processing pre-safe-import-module hook 'hook-packaging.py' from 'C:\\Users\\ruzha\\AppData\\Local\\Programs\\Python\\Python312\\Lib\\site-packages\\PyInstaller\\hooks\\pre_safe_import_module'
21749 INFO: Processing pre-safe-import-module hook 'hook-tomli.py' from 'C:\\Users\\ruzha\\AppData\\Local\\Programs\\Python\\Python312\\Lib\\site-packages\\PyInstaller\\hooks\\pre_safe_import_module'
21749 INFO: Setuptools: 'tomli' appears to be a setuptools-vendored copy - creating alias to 'setuptools._vendor.tomli'!
21760 INFO: Processing standard module hook 'hook-setuptools.py' from 'C:\\Users\\ruzha\\AppData\\Local\\Programs\\Python\\Python312\\Lib\\site-packages\\PyInstaller\\hooks'
21770 INFO: Processing pre-safe-import-module hook 'hook-distutils.py' from 'C:\\Users\\ruzha\\AppData\\Local\\Programs\\Python\\Python312\\Lib\\site-packages\\PyInstaller\\hooks\\pre_safe_import_module'
21789 INFO: Processing pre-safe-import-module hook 'hook-jaraco.py' from 'C:\\Users\\ruzha\\AppData\\Local\\Programs\\Python\\Python312\\Lib\\site-packages\\PyInstaller\\hooks\\pre_safe_import_module'
21789 INFO: Setuptools: 'jaraco' appears to be a full setuptools-vendored copy - creating alias to 'setuptools._vendor.jaraco'!
21795 INFO: Processing pre-safe-import-module hook 'hook-more_itertools.py' from 'C:\\Users\\ruzha\\AppData\\Local\\Programs\\Python\\Python312\\Lib\\site-packages\\PyInstaller\\hooks\\pre_safe_import_module'
21796 INFO: Setuptools: 'more_itertools' appears to be a setuptools-vendored copy - creating alias to 'setuptools._vendor.more_itertools'!
22026 INFO: Processing standard module hook 'hook-setuptools._vendor.jaraco.text.py' from 'C:\\Users\\ruzha\\AppData\\Local\\Programs\\Python\\Python312\\Lib\\site-packages\\PyInstaller\\hooks'
22026 INFO: Processing pre-safe-import-module hook 'hook-importlib_resources.py' from 'C:\\Users\\ruzha\\AppData\\Local\\Programs\\Python\\Python312\\Lib\\site-packages\\PyInstaller\\hooks\\pre_safe_import_module'
22028 INFO: Processing standard module hook 'hook-importlib_resources.py' from 'C:\\Users\\ruzha\\AppData\\Local\\Programs\\Python\\Python312\\Lib\\site-packages\\PyInstaller\\hooks'
22120 INFO: Processing pre-safe-import-module hook 'hook-backports.py' from 'C:\\Users\\ruzha\\AppData\\Local\\Programs\\Python\\Python312\\Lib\\site-packages\\PyInstaller\\hooks\\pre_safe_import_module'
22120 INFO: Setuptools: 'backports' appears to be a full setuptools-vendored copy - creating alias to 'setuptools._vendor.backports'!
22652 INFO: Processing pre-safe-import-module hook 'hook-wheel.py' from 'C:\\Users\\ruzha\\AppData\\Local\\Programs\\Python\\Python312\\Lib\\site-packages\\PyInstaller\\hooks\\pre_safe_import_module'
22652 INFO: Setuptools: 'wheel' appears to be a setuptools-vendored copy - creating alias to 'setuptools._vendor.wheel'!
23256 INFO: Processing standard module hook 'hook-pycparser.py' from 'C:\\Users\\ruzha\\AppData\\Local\\Programs\\Python\\Python312\\Lib\\site-packages\\_pyinstaller_hooks_contrib\\stdhooks'
23897 INFO: Processing standard module hook 'hook-scipy.linalg.py' from 'C:\\Users\\ruzha\\AppData\\Local\\Programs\\Python\\Python312\\Lib\\site-packages\\PyInstaller\\hooks'
23980 INFO: Processing standard module hook 'hook-scipy.special._ufuncs.py' from 'C:\\Users\\ruzha\\AppData\\Local\\Programs\\Python\\Python312\\Lib\\site-packages\\PyInstaller\\hooks'
24061 INFO: Processing standard module hook 'hook-scipy.special._ellip_harm_2.py' from 'C:\\Users\\ruzha\\AppData\\Local\\Programs\\Python\\Python312\\Lib\\site-packages\\PyInstaller\\hooks'
24276 INFO: Processing standard module hook 'hook-scipy.spatial._ckdtree.py' from 'C:\\Users\\ruzha\\AppData\\Local\\Programs\\Python\\Python312\\Lib\\site-packages\\PyInstaller\\hooks'
25202 INFO: Processing standard module hook 'hook-scipy.sparse.csgraph.py' from 'C:\\Users\\ruzha\\AppData\\Local\\Programs\\Python\\Python312\\Lib\\site-packages\\PyInstaller\\hooks'
25396 INFO: Processing standard module hook 'hook-scipy.spatial.transform.rotation.py' from 'C:\\Users\\ruzha\\AppData\\Local\\Programs\\Python\\Python312\\Lib\\site-packages\\PyInstaller\\hooks'
26351 INFO: Processing standard module hook 'hook-scipy.stats._stats.py' from 'C:\\Users\\ruzha\\AppData\\Local\\Programs\\Python\\Python312\\Lib\\site-packages\\PyInstaller\\hooks'
28155 INFO: Processing standard module hook 'hook-pandas.io.formats.style.py' from 'C:\\Users\\ruzha\\AppData\\Local\\Programs\\Python\\Python312\\Lib\\site-packages\\PyInstaller\\hooks'
29290 INFO: Processing standard module hook 'hook-pyarrow.py' from 'C:\\Users\\ruzha\\AppData\\Local\\Programs\\Python\\Python312\\Lib\\site-packages\\_pyinstaller_hooks_contrib\\stdhooks'
30109 INFO: Processing standard module hook 'hook-urllib3.py' from 'C:\\Users\\ruzha\\AppData\\Local\\Programs\\Python\\Python312\\Lib\\site-packages\\_pyinstaller_hooks_contrib\\stdhooks'
30436 INFO: Processing standard module hook 'hook-charset_normalizer.py' from 'C:\\Users\\ruzha\\AppData\\Local\\Programs\\Python\\Python312\\Lib\\site-packages\\_pyinstaller_hooks_contrib\\stdhooks'
30546 INFO: Processing standard module hook 'hook-certifi.py' from 'C:\\Users\\ruzha\\AppData\\Local\\Programs\\Python\\Python312\\Lib\\site-packages\\_pyinstaller_hooks_contrib\\stdhooks'
30611 INFO: Processing standard module hook 'hook-fsspec.py' from 'C:\\Users\\ruzha\\AppData\\Local\\Programs\\Python\\Python312\\Lib\\site-packages\\_pyinstaller_hooks_contrib\\stdhooks'
31859 INFO: Processing standard module hook 'hook-pandas.plotting.py' from 'C:\\Users\\ruzha\\AppData\\Local\\Programs\\Python\\Python312\\Lib\\site-packages\\PyInstaller\\hooks'
32205 INFO: Processing standard module hook 'hook-dateutil.py' from 'C:\\Users\\ruzha\\AppData\\Local\\Programs\\Python\\Python312\\Lib\\site-packages\\_pyinstaller_hooks_contrib\\stdhooks'
32292 INFO: Processing pre-safe-import-module hook 'hook-six.moves.py' from 'C:\\Users\\ruzha\\AppData\\Local\\Programs\\Python\\Python312\\Lib\\site-packages\\PyInstaller\\hooks\\pre_safe_import_module'
33215 INFO: Processing standard module hook 'hook-sqlite3.py' from 'C:\\Users\\ruzha\\AppData\\Local\\Programs\\Python\\Python312\\Lib\\site-packages\\PyInstaller\\hooks'
33465 INFO: Processing standard module hook 'hook-pandas.io.clipboard.py' from 'C:\\Users\\ruzha\\AppData\\Local\\Programs\\Python\\Python312\\Lib\\site-packages\\PyInstaller\\hooks'
33625 INFO: Processing standard module hook 'hook-xml.etree.cElementTree.py' from 'C:\\Users\\ruzha\\AppData\\Local\\Programs\\Python\\Python312\\Lib\\site-packages\\PyInstaller\\hooks'
33630 INFO: Processing standard module hook 'hook-xml.dom.domreg.py' from 'C:\\Users\\ruzha\\AppData\\Local\\Programs\\Python\\Python312\\Lib\\site-packages\\PyInstaller\\hooks'
34362 INFO: Processing standard module hook 'hook-pystray.py' from 'C:\\Users\\ruzha\\AppData\\Local\\Programs\\Python\\Python312\\Lib\\site-packages\\_pyinstaller_hooks_contrib\\stdhooks'
34617 INFO: Processing pre-safe-import-module hook 'hook-gi.py' from 'C:\\Users\\ruzha\\AppData\\Local\\Programs\\Python\\Python312\\Lib\\site-packages\\PyInstaller\\hooks\\pre_safe_import_module'
34636 INFO: Processing standard module hook 'hook-PIL.py' from 'C:\\Users\\ruzha\\AppData\\Local\\Programs\\Python\\Python312\\Lib\\site-packages\\PyInstaller\\hooks'
34791 INFO: Processing standard module hook 'hook-PIL.Image.py' from 'C:\\Users\\ruzha\\AppData\\Local\\Programs\\Python\\Python312\\Lib\\site-packages\\PyInstaller\\hooks'
35160 INFO: Processing standard module hook 'hook-PIL.ImageFilter.py' from 'C:\\Users\\ruzha\\AppData\\Local\\Programs\\Python\\Python312\\Lib\\site-packages\\PyInstaller\\hooks'
35299 INFO: Processing standard module hook 'hook-webview.py' from 'C:\\Users\\ruzha\\AppData\\Local\\Programs\\Python\\Python312\\Lib\\site-packages\\webview\\__pyinstaller'
35640 INFO: Processing standard module hook 'hook-clr.py' from 'C:\\Users\\ruzha\\AppData\\Local\\Programs\\Python\\Python312\\Lib\\site-packages\\pythonnet\\_pyinstaller'
35688 INFO: Processing standard module hook 'hook-clr_loader.py' from 'C:\\Users\\ruzha\\AppData\\Local\\Programs\\Python\\Python312\\Lib\\site-packages\\_pyinstaller_hooks_contrib\\stdhooks'
35769 INFO: Analyzing hidden import 'sqlalchemy.dialects.sqlite'
35823 INFO: Analyzing hidden import 'sklearn'
35824 INFO: Processing standard module hook 'hook-sklearn.py' from 'C:\\Users\\ruzha\\AppData\\Local\\Programs\\Python\\Python312\\Lib\\site-packages\\_pyinstaller_hooks_contrib\\stdhooks'
36355 INFO: Processing standard module hook 'hook-sklearn.utils.py' from 'C:\\Users\\ruzha\\AppData\\Local\\Programs\\Python\\Python312\\Lib\\site-packages\\_pyinstaller_hooks_contrib\\stdhooks'
36423 INFO: Processing standard module hook 'hook-narwhals.py' from 'C:\\Users\\ruzha\\AppData\\Local\\Programs\\Python\\Python312\\Lib\\site-packages\\_pyinstaller_hooks_contrib\\stdhooks'
37560 INFO: Processing standard module hook 'hook-sklearn.externals.array_api_compat.numpy.py' from 'C:\\Users\\ruzha\\AppData\\Local\\Programs\\Python\\Python312\\Lib\\site-packages\\_pyinstaller_hooks_contrib\\stdhooks'
37588 INFO: Processing standard module hook 'hook-sklearn.externals.array_api_compat.cupy.py' from 'C:\\Users\\ruzha\\AppData\\Local\\Programs\\Python\\Python312\\Lib\\site-packages\\_pyinstaller_hooks_contrib\\stdhooks'
37595 INFO: Processing standard module hook 'hook-sklearn.externals.array_api_compat.torch.py' from 'C:\\Users\\ruzha\\AppData\\Local\\Programs\\Python\\Python312\\Lib\\site-packages\\_pyinstaller_hooks_contrib\\stdhooks'
37616 INFO: Processing standard module hook 'hook-sklearn.externals.array_api_compat.dask.array.py' from 'C:\\Users\\ruzha\\AppData\\Local\\Programs\\Python\\Python312\\Lib\\site-packages\\_pyinstaller_hooks_contrib\\stdhooks'
37782 INFO: Processing standard module hook 'hook-rich.py' from 'C:\\Users\\ruzha\\AppData\\Local\\Programs\\Python\\Python312\\Lib\\site-packages\\_pyinstaller_hooks_contrib\\stdhooks'
38962 INFO: Processing standard module hook 'hook-sklearn.metrics.py' from 'C:\\Users\\ruzha\\AppData\\Local\\Programs\\Python\\Python312\\Lib\\site-packages\\_pyinstaller_hooks_contrib\\stdhooks'
41210 INFO: Processing standard module hook 'hook-sklearn.metrics.cluster.py' from 'C:\\Users\\ruzha\\AppData\\Local\\Programs\\Python\\Python312\\Lib\\site-packages\\_pyinstaller_hooks_contrib\\stdhooks'
41256 INFO: Processing standard module hook 'hook-sklearn.metrics.pairwise.py' from 'C:\\Users\\ruzha\\AppData\\Local\\Programs\\Python\\Python312\\Lib\\site-packages\\_pyinstaller_hooks_contrib\\stdhooks'
41369 INFO: Processing standard module hook 'hook-sklearn.cluster.py' from 'C:\\Users\\ruzha\\AppData\\Local\\Programs\\Python\\Python312\\Lib\\site-packages\\_pyinstaller_hooks_contrib\\stdhooks'
41491 INFO: Processing standard module hook 'hook-sklearn.neighbors.py' from 'C:\\Users\\ruzha\\AppData\\Local\\Programs\\Python\\Python312\\Lib\\site-packages\\_pyinstaller_hooks_contrib\\stdhooks'
41563 INFO: Processing standard module hook 'hook-sklearn.linear_model.py' from 'C:\\Users\\ruzha\\AppData\\Local\\Programs\\Python\\Python312\\Lib\\site-packages\\_pyinstaller_hooks_contrib\\stdhooks'
42521 INFO: Analyzing hidden import 'sklearn._build_utils'
42521 INFO: Analyzing hidden import 'sklearn._build_utils.tempita'
42523 INFO: Analyzing hidden import 'sklearn._build_utils.version'
42523 INFO: Analyzing hidden import 'sklearn._cyutility'
42524 INFO: Analyzing hidden import 'sklearn._loss.tests'
42524 INFO: Analyzing hidden import 'sklearn._loss.tests.test_link'
42527 INFO: Analyzing hidden import 'sklearn._loss.tests.test_loss'
42556 INFO: Analyzing hidden import 'sklearn._min_dependencies'
42558 INFO: Analyzing hidden import 'sklearn.calibration'
42575 INFO: Analyzing hidden import 'sklearn.callback.tests'
42575 INFO: Analyzing hidden import 'sklearn.callback.tests._utils'
42583 INFO: Analyzing hidden import 'sklearn.callback.tests.conftest'
42584 INFO: Analyzing hidden import 'sklearn.callback.tests.test_callback_context'
42593 INFO: Analyzing hidden import 'sklearn.callback.tests.test_callback_support'
42597 INFO: Analyzing hidden import 'sklearn.callback.tests.test_pickle'
42636 INFO: Processing standard module hook 'hook-scipy.io.matlab.py' from 'C:\\Users\\ruzha\\AppData\\Local\\Programs\\Python\\Python312\\Lib\\site-packages\\PyInstaller\\hooks'
42881 INFO: Analyzing hidden import 'sklearn.callback.tests.test_progressbar'
42886 INFO: Analyzing hidden import 'sklearn.callback.tests.test_scoring_monitor'
42893 INFO: Analyzing hidden import 'sklearn.cluster._hdbscan.tests'
42894 INFO: Analyzing hidden import 'sklearn.cluster._hdbscan.tests.test_reachibility'
42896 INFO: Analyzing hidden import 'sklearn.cluster.tests'
42896 INFO: Analyzing hidden import 'sklearn.cluster.tests.common'
42898 INFO: Analyzing hidden import 'sklearn.cluster.tests.test_affinity_propagation'
42905 INFO: Analyzing hidden import 'sklearn.cluster.tests.test_bicluster'
42910 INFO: Analyzing hidden import 'sklearn.cluster.tests.test_birch'
42917 INFO: Analyzing hidden import 'sklearn.cluster.tests.test_bisect_k_means'
42921 INFO: Analyzing hidden import 'sklearn.cluster.tests.test_dbscan'
42931 INFO: Analyzing hidden import 'sklearn.cluster.tests.test_feature_agglomeration'
42933 INFO: Analyzing hidden import 'sklearn.cluster.tests.test_hdbscan'
42945 INFO: Analyzing hidden import 'sklearn.cluster.tests.test_hierarchical'
42974 INFO: Analyzing hidden import 'sklearn.cluster.tests.test_k_means'
42999 INFO: Analyzing hidden import 'sklearn.cluster.tests.test_mean_shift'
43004 INFO: Analyzing hidden import 'sklearn.cluster.tests.test_optics'
43019 INFO: Analyzing hidden import 'sklearn.cluster.tests.test_spectral'
43027 INFO: Analyzing hidden import 'sklearn.compose.tests'
43027 INFO: Analyzing hidden import 'sklearn.compose.tests.test_column_transformer'
43141 INFO: Analyzing hidden import 'sklearn.compose.tests.test_target'
43159 INFO: Analyzing hidden import 'sklearn.conftest'
43174 INFO: Processing pre-safe-import-module hook 'hook-platformdirs.py' from 'C:\\Users\\ruzha\\AppData\\Local\\Programs\\Python\\Python312\\Lib\\site-packages\\PyInstaller\\hooks\\pre_safe_import_module'
43176 INFO: Setuptools: 'platformdirs' appears to be a setuptools-vendored copy - creating alias to 'setuptools._vendor.platformdirs'!
43278 INFO: Analyzing hidden import 'sklearn.covariance.tests'
43279 INFO: Analyzing hidden import 'sklearn.covariance.tests.test_covariance'
43288 INFO: Analyzing hidden import 'sklearn.covariance.tests.test_elliptic_envelope'
43289 INFO: Analyzing hidden import 'sklearn.covariance.tests.test_graphical_lasso'
43296 INFO: Analyzing hidden import 'sklearn.covariance.tests.test_robust_covariance'
43300 INFO: Analyzing hidden import 'sklearn.cross_decomposition'
43310 INFO: Analyzing hidden import 'sklearn.cross_decomposition.tests'
43311 INFO: Analyzing hidden import 'sklearn.cross_decomposition.tests.test_pls'
43345 INFO: Processing standard module hook 'hook-sklearn.tree.py' from 'C:\\Users\\ruzha\\AppData\\Local\\Programs\\Python\\Python312\\Lib\\site-packages\\_pyinstaller_hooks_contrib\\stdhooks'
43491 INFO: Analyzing hidden import 'sklearn.datasets.data'
43491 INFO: Analyzing hidden import 'sklearn.datasets.descr'
43492 INFO: Analyzing hidden import 'sklearn.datasets.images'
43492 INFO: Analyzing hidden import 'sklearn.datasets.tests'
43492 INFO: Analyzing hidden import 'sklearn.datasets.tests.data'
43493 INFO: Analyzing hidden import 'sklearn.datasets.tests.data.openml'
43493 INFO: Analyzing hidden import 'sklearn.datasets.tests.data.openml.id_1'
43494 INFO: Analyzing hidden import 'sklearn.datasets.tests.data.openml.id_1119'
43494 INFO: Analyzing hidden import 'sklearn.datasets.tests.data.openml.id_1590'
43495 INFO: Analyzing hidden import 'sklearn.datasets.tests.data.openml.id_2'
43495 INFO: Analyzing hidden import 'sklearn.datasets.tests.data.openml.id_292'
43495 INFO: Analyzing hidden import 'sklearn.datasets.tests.data.openml.id_3'
43496 INFO: Analyzing hidden import 'sklearn.datasets.tests.data.openml.id_40589'
43496 INFO: Analyzing hidden import 'sklearn.datasets.tests.data.openml.id_40675'
43496 INFO: Analyzing hidden import 'sklearn.datasets.tests.data.openml.id_40945'
43497 INFO: Analyzing hidden import 'sklearn.datasets.tests.data.openml.id_40966'
43497 INFO: Analyzing hidden import 'sklearn.datasets.tests.data.openml.id_42074'
43498 INFO: Analyzing hidden import 'sklearn.datasets.tests.data.openml.id_42585'
43498 INFO: Analyzing hidden import 'sklearn.datasets.tests.data.openml.id_561'
43498 INFO: Analyzing hidden import 'sklearn.datasets.tests.data.openml.id_61'
43499 INFO: Analyzing hidden import 'sklearn.datasets.tests.data.openml.id_62'
43499 INFO: Analyzing hidden import 'sklearn.datasets.tests.test_20news'
43506 INFO: Analyzing hidden import 'sklearn.datasets.tests.test_arff_parser'
43509 INFO: Analyzing hidden import 'sklearn.datasets.tests.test_base'
43522 INFO: Analyzing hidden import 'sklearn.datasets.tests.test_california_housing'
43523 INFO: Analyzing hidden import 'sklearn.datasets.tests.test_covtype'
43525 INFO: Analyzing hidden import 'sklearn.datasets.tests.test_kddcup99'
43527 INFO: Analyzing hidden import 'sklearn.datasets.tests.test_lfw'
43530 INFO: Analyzing hidden import 'sklearn.datasets.tests.test_olivetti_faces'
43532 INFO: Analyzing hidden import 'sklearn.datasets.tests.test_openml'
43555 INFO: Analyzing hidden import 'sklearn.datasets.tests.test_rcv1'
43557 INFO: Analyzing hidden import 'sklearn.datasets.tests.test_samples_generator'
43572 INFO: Analyzing hidden import 'sklearn.datasets.tests.test_svmlight_format'
43588 INFO: Analyzing hidden import 'sklearn.decomposition.tests'
43588 INFO: Analyzing hidden import 'sklearn.decomposition.tests.test_dict_learning'
43896 INFO: Analyzing hidden import 'sklearn.decomposition.tests.test_factor_analysis'
43899 INFO: Analyzing hidden import 'sklearn.decomposition.tests.test_fastica'
43911 INFO: Analyzing hidden import 'sklearn.decomposition.tests.test_incremental_pca'
43921 INFO: Analyzing hidden import 'sklearn.decomposition.tests.test_kernel_pca'
43932 INFO: Analyzing hidden import 'sklearn.decomposition.tests.test_nmf'
43956 INFO: Analyzing hidden import 'sklearn.decomposition.tests.test_online_lda'
43965 INFO: Analyzing hidden import 'sklearn.decomposition.tests.test_pca'
43989 INFO: Analyzing hidden import 'sklearn.decomposition.tests.test_sparse_pca'
43999 INFO: Analyzing hidden import 'sklearn.decomposition.tests.test_truncated_svd'
44004 INFO: Analyzing hidden import 'sklearn.ensemble._hist_gradient_boosting.tests'
44005 INFO: Analyzing hidden import 'sklearn.ensemble._hist_gradient_boosting.tests.test_binning'
44018 INFO: Analyzing hidden import 'sklearn.ensemble._hist_gradient_boosting.tests.test_compare_lightgbm'
44214 INFO: Analyzing hidden import 'sklearn.ensemble._hist_gradient_boosting.tests.test_gradient_boosting'
44247 INFO: Analyzing hidden import 'sklearn.ensemble._hist_gradient_boosting.tests.test_grower'
44260 INFO: Analyzing hidden import 'sklearn.ensemble._hist_gradient_boosting.tests.test_histogram'
44265 INFO: Analyzing hidden import 'sklearn.ensemble._hist_gradient_boosting.tests.test_monotonic_constraints'
44274 INFO: Analyzing hidden import 'sklearn.ensemble._hist_gradient_boosting.tests.test_predictor'
44278 INFO: Analyzing hidden import 'sklearn.ensemble._hist_gradient_boosting.tests.test_splitting'
44292 INFO: Analyzing hidden import 'sklearn.ensemble._hist_gradient_boosting.tests.test_warm_start'
44296 INFO: Analyzing hidden import 'sklearn.ensemble.tests'
44296 INFO: Analyzing hidden import 'sklearn.ensemble.tests.test_bagging'
44317 INFO: Analyzing hidden import 'sklearn.ensemble.tests.test_base'
44320 INFO: Analyzing hidden import 'sklearn.ensemble.tests.test_bootstrap'
44322 INFO: Analyzing hidden import 'sklearn.ensemble.tests.test_common'
44328 INFO: Analyzing hidden import 'sklearn.ensemble.tests.test_forest'
44370 INFO: Analyzing hidden import 'sklearn.ensemble.tests.test_gradient_boosting'
44408 INFO: Analyzing hidden import 'sklearn.ensemble.tests.test_iforest'
44417 INFO: Analyzing hidden import 'sklearn.ensemble.tests.test_stacking'
44434 INFO: Analyzing hidden import 'sklearn.ensemble.tests.test_voting'
44453 INFO: Analyzing hidden import 'sklearn.ensemble.tests.test_weight_boosting'
44467 INFO: Analyzing hidden import 'sklearn.experimental.enable_hist_gradient_boosting'
44468 INFO: Analyzing hidden import 'sklearn.experimental.enable_iterative_imputer'
44468 INFO: Analyzing hidden import 'sklearn.experimental.tests'
44469 INFO: Analyzing hidden import 'sklearn.experimental.tests.test_enable_hist_gradient_boosting'
44470 INFO: Analyzing hidden import 'sklearn.experimental.tests.test_enable_iterative_imputer'
44471 INFO: Analyzing hidden import 'sklearn.experimental.tests.test_enable_successive_halving'
44472 INFO: Analyzing hidden import 'sklearn.externals.array_api_compat.common._fft'
44475 INFO: Analyzing hidden import 'sklearn.externals.array_api_compat.numpy.fft'
44476 INFO: Analyzing hidden import 'sklearn.externals.array_api_extra._lib._backends'
44478 INFO: Analyzing hidden import 'sklearn.externals.array_api_extra._lib._testing'
44483 INFO: Analyzing hidden import 'sklearn.externals.array_api_extra.testing'
44487 INFO: Analyzing hidden import 'sklearn.externals.conftest'
44488 INFO: Analyzing hidden import 'sklearn.feature_extraction.tests'
44489 INFO: Analyzing hidden import 'sklearn.feature_extraction.tests.test_dict_vectorizer'
44495 INFO: Analyzing hidden import 'sklearn.feature_extraction.tests.test_feature_hasher'
44500 INFO: Analyzing hidden import 'sklearn.feature_extraction.tests.test_image'
44509 INFO: Analyzing hidden import 'sklearn.feature_extraction.tests.test_text'
44539 INFO: Analyzing hidden import 'sklearn.feature_selection.tests'
44539 INFO: Analyzing hidden import 'sklearn.feature_selection.tests.test_base'
44544 INFO: Analyzing hidden import 'sklearn.feature_selection.tests.test_chi2'
44546 INFO: Analyzing hidden import 'sklearn.feature_selection.tests.test_feature_select'
44567 INFO: Analyzing hidden import 'sklearn.feature_selection.tests.test_from_model'
44582 INFO: Analyzing hidden import 'sklearn.feature_selection.tests.test_mutual_info'
44589 INFO: Analyzing hidden import 'sklearn.feature_selection.tests.test_rfe'
44607 INFO: Analyzing hidden import 'sklearn.feature_selection.tests.test_sequential'
44614 INFO: Analyzing hidden import 'sklearn.feature_selection.tests.test_variance_threshold'
44617 INFO: Analyzing hidden import 'sklearn.frozen.tests'
44618 INFO: Analyzing hidden import 'sklearn.frozen.tests.test_frozen'
44623 INFO: Analyzing hidden import 'sklearn.gaussian_process.tests'
44624 INFO: Analyzing hidden import 'sklearn.gaussian_process.tests._mini_sequence_kernel'
44625 INFO: Analyzing hidden import 'sklearn.gaussian_process.tests.test_gpc'
44633 INFO: Analyzing hidden import 'sklearn.gaussian_process.tests.test_gpr'
44650 INFO: Analyzing hidden import 'sklearn.gaussian_process.tests.test_kernels'
44658 INFO: Analyzing hidden import 'sklearn.impute.tests'
44659 INFO: Analyzing hidden import 'sklearn.impute.tests.test_base'
44662 INFO: Analyzing hidden import 'sklearn.impute.tests.test_common'
44667 INFO: Analyzing hidden import 'sklearn.impute.tests.test_impute'
44709 INFO: Analyzing hidden import 'sklearn.impute.tests.test_knn'
44722 INFO: Analyzing hidden import 'sklearn.inspection'
44758 INFO: Analyzing hidden import 'sklearn.inspection._plot.tests'
44759 INFO: Analyzing hidden import 'sklearn.inspection._plot.tests.test_boundary_decision_display'
44776 INFO: Analyzing hidden import 'sklearn.inspection._plot.tests.test_plot_partial_dependence'
44800 INFO: Analyzing hidden import 'sklearn.inspection.tests'
44801 INFO: Analyzing hidden import 'sklearn.inspection.tests.test_partial_dependence'
44891 INFO: Analyzing hidden import 'sklearn.inspection.tests.test_pd_utils'
44893 INFO: Analyzing hidden import 'sklearn.inspection.tests.test_permutation_importance'
44904 INFO: Analyzing hidden import 'sklearn.kernel_ridge'
44906 INFO: Analyzing hidden import 'sklearn.linear_model._glm.tests'
44907 INFO: Analyzing hidden import 'sklearn.linear_model._glm.tests.test_glm'
44929 INFO: Analyzing hidden import 'sklearn.linear_model.tests'
44930 INFO: Analyzing hidden import 'sklearn.linear_model.tests.test_base'
44949 INFO: Analyzing hidden import 'sklearn.linear_model.tests.test_bayes'
44956 INFO: Analyzing hidden import 'sklearn.linear_model.tests.test_common'
44964 INFO: Analyzing hidden import 'sklearn.linear_model.tests.test_coordinate_descent'
45086 INFO: Analyzing hidden import 'sklearn.linear_model.tests.test_huber'
45091 INFO: Analyzing hidden import 'sklearn.linear_model.tests.test_least_angle'
45108 INFO: Analyzing hidden import 'sklearn.linear_model.tests.test_linear_loss'
45118 INFO: Analyzing hidden import 'sklearn.linear_model.tests.test_logistic'
45178 INFO: Analyzing hidden import 'sklearn.linear_model.tests.test_omp'
45185 INFO: Analyzing hidden import 'sklearn.linear_model.tests.test_passive_aggressive'
45195 INFO: Analyzing hidden import 'sklearn.linear_model.tests.test_perceptron'
45198 INFO: Analyzing hidden import 'sklearn.linear_model.tests.test_quantile'
45206 INFO: Analyzing hidden import 'sklearn.linear_model.tests.test_ransac'
45216 INFO: Analyzing hidden import 'sklearn.linear_model.tests.test_ridge'
45272 INFO: Analyzing hidden import 'sklearn.linear_model.tests.test_sag'
45287 INFO: Analyzing hidden import 'sklearn.linear_model.tests.test_sgd'
45334 INFO: Analyzing hidden import 'sklearn.linear_model.tests.test_sparse_coordinate_descent'
45344 INFO: Analyzing hidden import 'sklearn.linear_model.tests.test_theil_sen'
45351 INFO: Analyzing hidden import 'sklearn.manifold.tests'
45352 INFO: Analyzing hidden import 'sklearn.manifold.tests.test_classical_mds'
45355 INFO: Analyzing hidden import 'sklearn.manifold.tests.test_isomap'
45363 INFO: Analyzing hidden import 'sklearn.manifold.tests.test_locally_linear'
45367 INFO: Analyzing hidden import 'sklearn.manifold.tests.test_mds'
45373 INFO: Analyzing hidden import 'sklearn.manifold.tests.test_spectral_embedding'
45384 INFO: Analyzing hidden import 'sklearn.manifold.tests.test_t_sne'
45403 INFO: Analyzing hidden import 'sklearn.metrics._pairwise_distances_reduction._datasets_pair'
45404 INFO: Analyzing hidden import 'sklearn.metrics._pairwise_distances_reduction._middle_term_computer'
45404 INFO: Analyzing hidden import 'sklearn.metrics._plot.tests'
45404 INFO: Analyzing hidden import 'sklearn.metrics._plot.tests.test_common_curve_display'
45421 INFO: Analyzing hidden import 'sklearn.metrics._plot.tests.test_confusion_matrix_display'
45430 INFO: Analyzing hidden import 'sklearn.metrics._plot.tests.test_det_curve_display'
45434 INFO: Analyzing hidden import 'sklearn.metrics._plot.tests.test_precision_recall_display'
45448 INFO: Analyzing hidden import 'sklearn.metrics._plot.tests.test_predict_error_display'
45452 INFO: Analyzing hidden import 'sklearn.metrics._plot.tests.test_roc_curve_display'
45464 INFO: Analyzing hidden import 'sklearn.metrics.cluster.tests'
45464 INFO: Analyzing hidden import 'sklearn.metrics.cluster.tests.test_bicluster'
45466 INFO: Analyzing hidden import 'sklearn.metrics.cluster.tests.test_common'
45522 INFO: Analyzing hidden import 'sklearn.metrics.cluster.tests.test_supervised'
45535 INFO: Analyzing hidden import 'sklearn.metrics.cluster.tests.test_unsupervised'
45544 INFO: Analyzing hidden import 'sklearn.metrics.tests.test_classification'
45627 INFO: Analyzing hidden import 'sklearn.metrics.tests.test_pairwise'
45673 INFO: Analyzing hidden import 'sklearn.metrics.tests.test_pairwise_distances_reduction'
45701 INFO: Analyzing hidden import 'sklearn.metrics.tests.test_ranking'
45763 INFO: Analyzing hidden import 'sklearn.metrics.tests.test_regression'
45780 INFO: Analyzing hidden import 'sklearn.metrics.tests.test_score_objects'
45812 INFO: Analyzing hidden import 'sklearn.mixture.tests'
45813 INFO: Analyzing hidden import 'sklearn.mixture.tests.test_bayesian_mixture'
45853 INFO: Analyzing hidden import 'sklearn.mixture.tests.test_mixture'
45854 INFO: Analyzing hidden import 'sklearn.model_selection.tests'
45855 INFO: Analyzing hidden import 'sklearn.model_selection.tests.common'
45856 INFO: Analyzing hidden import 'sklearn.model_selection.tests.test_classification_threshold'
45869 INFO: Analyzing hidden import 'sklearn.model_selection.tests.test_plot'
45878 INFO: Analyzing hidden import 'sklearn.model_selection.tests.test_search'
45949 INFO: Analyzing hidden import 'sklearn.model_selection.tests.test_split'
45999 INFO: Analyzing hidden import 'sklearn.model_selection.tests.test_successive_halving'
46014 INFO: Analyzing hidden import 'sklearn.model_selection.tests.test_validation'
46069 INFO: Analyzing hidden import 'sklearn.neighbors._partition_nodes'
46069 INFO: Analyzing hidden import 'sklearn.neighbors._quad_tree'
46069 INFO: Analyzing hidden import 'sklearn.neighbors.tests'
46070 INFO: Analyzing hidden import 'sklearn.neighbors.tests.test_ball_tree'
46075 INFO: Analyzing hidden import 'sklearn.neighbors.tests.test_graph'
46078 INFO: Analyzing hidden import 'sklearn.neighbors.tests.test_kd_tree'
46082 INFO: Analyzing hidden import 'sklearn.neighbors.tests.test_kde'
46088 INFO: Analyzing hidden import 'sklearn.neighbors.tests.test_lof'
46096 INFO: Analyzing hidden import 'sklearn.neighbors.tests.test_nca'
46108 INFO: Analyzing hidden import 'sklearn.neighbors.tests.test_nearest_centroid'
46114 INFO: Analyzing hidden import 'sklearn.neighbors.tests.test_neighbors'
46168 INFO: Analyzing hidden import 'sklearn.neighbors.tests.test_neighbors_pipeline'
46172 INFO: Analyzing hidden import 'sklearn.neighbors.tests.test_neighbors_tree'
46180 INFO: Analyzing hidden import 'sklearn.neighbors.tests.test_quad_tree'
46185 INFO: Analyzing hidden import 'sklearn.neural_network.tests'
46186 INFO: Analyzing hidden import 'sklearn.neural_network.tests.test_base'
46187 INFO: Analyzing hidden import 'sklearn.neural_network.tests.test_mlp'
46214 INFO: Analyzing hidden import 'sklearn.neural_network.tests.test_rbm'
46222 INFO: Analyzing hidden import 'sklearn.neural_network.tests.test_stochastic_optimizers'
46228 INFO: Analyzing hidden import 'sklearn.preprocessing.tests'
46228 INFO: Analyzing hidden import 'sklearn.preprocessing.tests.test_common'
46237 INFO: Analyzing hidden import 'sklearn.preprocessing.tests.test_data'
46307 INFO: Analyzing hidden import 'sklearn.preprocessing.tests.test_discretization'
46320 INFO: Analyzing hidden import 'sklearn.preprocessing.tests.test_encoders'
46374 INFO: Analyzing hidden import 'sklearn.preprocessing.tests.test_function_transformer'
46385 INFO: Analyzing hidden import 'sklearn.preprocessing.tests.test_label'
46405 INFO: Analyzing hidden import 'sklearn.preprocessing.tests.test_polynomial'
46431 INFO: Analyzing hidden import 'sklearn.preprocessing.tests.test_target_encoder'
46447 INFO: Analyzing hidden import 'sklearn.semi_supervised.tests'
46447 INFO: Analyzing hidden import 'sklearn.semi_supervised.tests.test_label_propagation'
46455 INFO: Analyzing hidden import 'sklearn.semi_supervised.tests.test_self_training'
46521 INFO: Analyzing hidden import 'sklearn.svm._newrand'
46522 INFO: Analyzing hidden import 'sklearn.svm.tests'
46522 INFO: Analyzing hidden import 'sklearn.svm.tests.test_bounds'
46525 INFO: Analyzing hidden import 'sklearn.svm.tests.test_sparse'
46570 INFO: Analyzing hidden import 'sklearn.tests.test_base'
46593 INFO: Analyzing hidden import 'sklearn.tests.test_build'
46595 INFO: Analyzing hidden import 'sklearn.tests.test_calibration'
46623 INFO: Analyzing hidden import 'sklearn.tests.test_check_build'
46624 INFO: Analyzing hidden import 'sklearn.tests.test_common'
46631 INFO: Analyzing hidden import 'sklearn.tests.test_config'
46636 INFO: Analyzing hidden import 'sklearn.tests.test_discriminant_analysis'
46653 INFO: Analyzing hidden import 'sklearn.tests.test_docstring_parameters'
46660 INFO: Analyzing hidden import 'sklearn.tests.test_docstring_parameters_consistency'
46661 INFO: Analyzing hidden import 'sklearn.tests.test_docstrings'
46665 INFO: Analyzing hidden import 'sklearn.tests.test_dummy'
46682 INFO: Analyzing hidden import 'sklearn.tests.test_init'
46683 INFO: Analyzing hidden import 'sklearn.tests.test_isotonic'
46697 INFO: Analyzing hidden import 'sklearn.tests.test_kernel_approximation'
46708 INFO: Analyzing hidden import 'sklearn.tests.test_kernel_ridge'
46712 INFO: Analyzing hidden import 'sklearn.tests.test_metadata_routing'
46734 INFO: Analyzing hidden import 'sklearn.tests.test_metaestimators'
46740 INFO: Analyzing hidden import 'sklearn.tests.test_metaestimators_metadata_routing'
46754 INFO: Analyzing hidden import 'sklearn.tests.test_min_dependencies_readme'
46758 INFO: Analyzing hidden import 'sklearn.tests.test_multiclass'
46781 INFO: Analyzing hidden import 'sklearn.tests.test_multioutput'
46804 INFO: Analyzing hidden import 'sklearn.tests.test_naive_bayes'
46827 INFO: Analyzing hidden import 'sklearn.tests.test_public_functions'
46831 INFO: Analyzing hidden import 'sklearn.tests.test_random_projection'
46840 INFO: Analyzing hidden import 'sklearn.tree._partitioner'
46841 INFO: Analyzing hidden import 'sklearn.tree.tests.test_export'
46849 INFO: Analyzing hidden import 'sklearn.tree.tests.test_fenwick'
46851 INFO: Analyzing hidden import 'sklearn.tree.tests.test_monotonic_tree'
46862 INFO: Analyzing hidden import 'sklearn.tree.tests.test_reingold_tilford'
46864 INFO: Analyzing hidden import 'sklearn.tree.tests.test_split'
46870 INFO: Analyzing hidden import 'sklearn.tree.tests.test_swap'
46871 INFO: Analyzing hidden import 'sklearn.utils._cython_blas'
46872 INFO: Analyzing hidden import 'sklearn.utils._heap'
46872 INFO: Analyzing hidden import 'sklearn.utils._repr_html.tests'
46872 INFO: Analyzing hidden import 'sklearn.utils._repr_html.tests.test_attributes'
46875 INFO: Analyzing hidden import 'sklearn.utils._repr_html.tests.test_estimator'
46887 INFO: Analyzing hidden import 'sklearn.utils._repr_html.tests.test_features'
46893 INFO: Analyzing hidden import 'sklearn.utils._repr_html.tests.test_js'
46895 INFO: Analyzing hidden import 'sklearn.utils._repr_html.tests.test_params'
46899 INFO: Analyzing hidden import 'sklearn.utils._sorting'
46900 INFO: Analyzing hidden import 'sklearn.utils._typedefs'
46900 INFO: Analyzing hidden import 'sklearn.utils._vector_sentinel'
46900 INFO: Analyzing hidden import 'sklearn.utils._weight_vector'
46901 INFO: Analyzing hidden import 'sklearn.utils.tests'
46901 INFO: Analyzing hidden import 'sklearn.utils.tests.test_arpack'
46902 INFO: Analyzing hidden import 'sklearn.utils.tests.test_array_api'
46926 INFO: Analyzing hidden import 'sklearn.utils.tests.test_arrayfuncs'
46927 INFO: Analyzing hidden import 'sklearn.utils.tests.test_bitset'
46929 INFO: Analyzing hidden import 'sklearn.utils.tests.test_bunch'
46931 INFO: Analyzing hidden import 'sklearn.utils.tests.test_chunking'
46933 INFO: Analyzing hidden import 'sklearn.utils.tests.test_class_weight'
46941 INFO: Analyzing hidden import 'sklearn.utils.tests.test_cython_blas'
46946 INFO: Analyzing hidden import 'sklearn.utils.tests.test_dataframe'
46949 INFO: Analyzing hidden import 'sklearn.utils.tests.test_deprecation'
46951 INFO: Analyzing hidden import 'sklearn.utils.tests.test_encode'
46958 INFO: Analyzing hidden import 'sklearn.utils.tests.test_estimator_checks'
46993 INFO: Analyzing hidden import 'sklearn.utils.tests.test_extmath'
47018 INFO: Analyzing hidden import 'sklearn.utils.tests.test_fast_dict'
47020 INFO: Analyzing hidden import 'sklearn.utils.tests.test_fixes'
47024 INFO: Analyzing hidden import 'sklearn.utils.tests.test_graph'
47026 INFO: Analyzing hidden import 'sklearn.utils.tests.test_indexing'
47043 INFO: Analyzing hidden import 'sklearn.utils.tests.test_mask'
47045 INFO: Analyzing hidden import 'sklearn.utils.tests.test_metaestimators'
47046 INFO: Analyzing hidden import 'sklearn.utils.tests.test_missing'
47047 INFO: Analyzing hidden import 'sklearn.utils.tests.test_mocking'
47052 INFO: Analyzing hidden import 'sklearn.utils.tests.test_multiclass'
47068 INFO: Analyzing hidden import 'sklearn.utils.tests.test_murmurhash'
47071 INFO: Analyzing hidden import 'sklearn.utils.tests.test_optimize'
47077 INFO: Analyzing hidden import 'sklearn.utils.tests.test_parallel'
47083 INFO: Analyzing hidden import 'sklearn.utils.tests.test_param_validation'
47097 INFO: Analyzing hidden import 'sklearn.utils.tests.test_plotting'
47107 INFO: Analyzing hidden import 'sklearn.utils.tests.test_pprint'
47116 INFO: Analyzing hidden import 'sklearn.utils.tests.test_random'
47195 INFO: Analyzing hidden import 'sklearn.utils.tests.test_response'
47204 INFO: Analyzing hidden import 'sklearn.utils.tests.test_seq_dataset'
47208 INFO: Analyzing hidden import 'sklearn.utils.tests.test_set_output'
47219 INFO: Analyzing hidden import 'sklearn.utils.tests.test_shortest_path'
47221 INFO: Analyzing hidden import 'sklearn.utils.tests.test_show_versions'
47222 INFO: Analyzing hidden import 'sklearn.utils.tests.test_sorting'
47224 INFO: Analyzing hidden import 'sklearn.utils.tests.test_sparse'
47227 INFO: Analyzing hidden import 'sklearn.utils.tests.test_sparsefuncs'
47251 INFO: Analyzing hidden import 'sklearn.utils.tests.test_stats'
47260 INFO: Analyzing hidden import 'sklearn.utils.tests.test_tags'
47264 INFO: Analyzing hidden import 'sklearn.utils.tests.test_testing'
47280 INFO: Analyzing hidden import 'sklearn.utils.tests.test_typedefs'
47281 INFO: Analyzing hidden import 'sklearn.utils.tests.test_unique'
47284 INFO: Analyzing hidden import 'sklearn.utils.tests.test_user_interface'
47286 INFO: Analyzing hidden import 'sklearn.utils.tests.test_validation'
47338 INFO: Analyzing hidden import 'sklearn.utils.tests.test_weight_vector'
47340 INFO: Analyzing hidden import 'webview.__pyinstaller'
47340 INFO: Analyzing hidden import 'webview.__pyinstaller.hook-webview'
47359 INFO: Processing standard module hook 'hook-win32ctypes.core.py' from 'C:\\Users\\ruzha\\AppData\\Local\\Programs\\Python\\Python312\\Lib\\site-packages\\PyInstaller\\hooks'
48346 INFO: Analyzing hidden import 'webview._version'
48347 INFO: Analyzing hidden import 'pystray._info'
48347 INFO: Analyzing hidden import 'xgboost.federated'
48348 INFO: Analyzing hidden import 'xgboost.testing'
48350 INFO: Analyzing hidden import 'nfstream.engine.engine_build'
48355 INFO: Analyzing hidden import 'nfstream.plugins'
48702 INFO: Analyzing hidden import 'nfstream.plugins.wfeatures'
48706 INFO: Processing module hooks (post-graph stage)...
49578 WARNING: Hidden import "pycparser.lextab" not found!
49578 WARNING: Hidden import "pycparser.yacctab" not found!
49706 WARNING: Hidden import "importlib_resources.trees" not found!
49873 INFO: Processing standard module hook 'hook-PIL.SpiderImagePlugin.py' from 'C:\\Users\\ruzha\\AppData\\Local\\Programs\\Python\\Python312\\Lib\\site-packages\\PyInstaller\\hooks'
51267 WARNING: Hidden import "scipy.special._cdflib" not found!
51290 INFO: Processing standard module hook 'hook-sqlalchemy.py' from 'C:\\Users\\ruzha\\AppData\\Local\\Programs\\Python\\Python312\\Lib\\site-packages\\PyInstaller\\hooks'
51624 WARNING: Hidden import "pysqlite2" not found!
51625 WARNING: Hidden import "MySQLdb" not found!
51960 INFO: Processing standard module hook 'hook-tzdata.py' from 'C:\\Users\\ruzha\\AppData\\Local\\Programs\\Python\\Python312\\Lib\\site-packages\\_pyinstaller_hooks_contrib\\stdhooks'
52426 INFO: Performing binary vs. data reclassification (2593 entries)
52652 INFO: Looking for ctypes DLLs
52898 INFO: Analyzing run-time hooks ...
52898 INFO: Including custom run-time hook 'pyi_hooks/rthook_nfstream_npcap.py'
52917 INFO: Including run-time hook 'pyi_rth_inspect.py' from 'C:\\Users\\ruzha\\AppData\\Local\\Programs\\Python\\Python312\\Lib\\site-packages\\PyInstaller\\hooks\\rthooks'
52920 INFO: Including run-time hook 'pyi_rth_pkgutil.py' from 'C:\\Users\\ruzha\\AppData\\Local\\Programs\\Python\\Python312\\Lib\\site-packages\\PyInstaller\\hooks\\rthooks'
52922 INFO: Including run-time hook 'pyi_rth_setuptools.py' from 'C:\\Users\\ruzha\\AppData\\Local\\Programs\\Python\\Python312\\Lib\\site-packages\\PyInstaller\\hooks\\rthooks'
52925 INFO: Including run-time hook 'pyi_rth_multiprocessing.py' from 'C:\\Users\\ruzha\\AppData\\Local\\Programs\\Python\\Python312\\Lib\\site-packages\\PyInstaller\\hooks\\rthooks'
53014 INFO: Creating base_library.zip...
53030 INFO: Looking for dynamic libraries
C:\Users\ruzha\AppData\Local\Programs\Python\Python312\Lib\site-packages\PyInstaller\building\build_main.py:227: UserWarning: The numpy.array_api submodule is still experimental. See NEP 47.
  __import__(package)
55463 INFO: Extra DLL search directories (AddDllDirectory): ['C:\\Users\\ruzha\\AppData\\Local\\Programs\\Python\\Python312\\Lib\\site-packages\\numpy.libs', 'C:\\Users\\ruzha\\AppData\\Local\\Programs\\Python\\Python312\\Lib\\site-packages\\pandas.libs', 'C:\\Users\\ruzha\\AppData\\Local\\Programs\\Python\\Python312\\Lib\\site-packages\\pyarrow.libs', 'C:\\Users\\ruzha\\AppData\\Local\\Programs\\Python\\Python312\\Lib\\site-packages\\scipy.libs']
55463 INFO: Extra DLL search directories (PATH): []
59210 WARNING: Library not found: could not resolve 'packet.dll', dependency of 'C:\\Users\\ruzha\\AppData\\Local\\Programs\\Python\\Python312\\Lib\\site-packages\\wpcap.dll'.
59313 INFO: Warnings written to X:\ADNS\build\ADNS\warn-ADNS.txt
59547 INFO: Graph cross-reference written to X:\ADNS\build\ADNS\xref-ADNS.html
59666 INFO: checking PYZ
59767 INFO: checking PKG
59767 INFO: Building because toc changed
59767 INFO: Building PKG (CArchive) ADNS.pkg
59806 INFO: Building PKG (CArchive) ADNS.pkg completed successfully.
59807 INFO: Bootloader C:\Users\ruzha\AppData\Local\Programs\Python\Python312\Lib\site-packages\PyInstaller\bootloader\Windows-64bit-intel\runw.exe
59807 INFO: checking EXE
59808 INFO: Building because toc changed
59808 INFO: Building EXE from EXE-00.toc
59811 INFO: Copying bootloader EXE to X:\ADNS\build\ADNS\ADNS.exe
59915 INFO: Copying icon to EXE
60026 INFO: Copying 0 resources to EXE
60026 INFO: Embedding manifest in EXE
60127 INFO: Appending PKG archive to EXE
60285 INFO: Fixing EXE headers
60577 INFO: Building EXE from EXE-00.toc completed successfully.
60707 INFO: checking COLLECT
60726 INFO: Removing dir X:\ADNS\dist\ADNS
61156 INFO: Building COLLECT COLLECT-00.toc
64346 INFO: Building COLLECT COLLECT-00.toc completed successfully.
64385 INFO: Build complete! The results are available in: X:\ADNS\dist
